<?xml version="1.0" encoding="UTF-8"?>
<!-- Generated by org.testng.reporters.JUnitReportReporter -->
<testsuite hostname="DESKTOP-SR5ISP2" failures="0" tests="1" name="com.APIscripts.Teams.TeamSearch" time="0.588" errors="0" timestamp="2023-12-21T10:40:02 IST" skipped="0">
  <testcase classname="com.APIscripts.Teams.TeamSearch" name="teamsearch" time="0.588"/>
  <system-out/>
</testsuite> <!-- com.APIscripts.Teams.TeamSearch -->
