<?xml version="1.0" encoding="UTF-8"?>
<!-- Generated by org.testng.reporters.JUnitReportReporter -->
<testsuite hostname="DESKTOP-SR5ISP2" failures="0" tests="1" name="api.test.LoginTest" time="5.543" errors="0" timestamp="2023-12-27T17:02:15 IST" skipped="0">
  <testcase classname="api.test.LoginTest" name="testLogin" time="5.543"/>
  <system-out/>
</testsuite> <!-- api.test.LoginTest -->
