<?xml version="1.0" encoding="UTF-8"?>
<!-- Generated by org.testng.reporters.JUnitReportReporter -->
<testsuite hostname="DESKTOP-SR5ISP2" failures="0" tests="5" name="api.test.EmployeeTest" time="4.755" errors="0" timestamp="2023-12-27T17:02:15 IST" skipped="0">
  <testcase classname="api.test.EmployeeTest" name="testAddEmployee" time="1.974"/>
  <system-out>
    <![CDATA[Added employee successfully]]>
  </system-out>
  <testcase classname="api.test.EmployeeTest" name="testEmployeeDetails" time="0.625"/>
  <system-out>
    <![CDATA[employee details....]]>
  </system-out>
  <testcase classname="api.test.EmployeeTest" name="TestUpdateEmployee" time="0.760"/>
  <system-out>
    <![CDATA[update employee successfully]]>
  </system-out>
  <testcase classname="api.test.EmployeeTest" name="TestDeleteEmployee" time="0.692"/>
  <system-out>
    <![CDATA[delete employee successfully]]>
  </system-out>
  <testcase classname="api.test.EmployeeTest" name="TestSearchEmployee" time="0.704"/>
  <system-out>
    <![CDATA[search employee successfully]]>
  </system-out>
</testsuite> <!-- api.test.EmployeeTest -->
