<?xml version="1.0" encoding="UTF-8"?>
<!-- Generated by org.testng.reporters.JUnitReportReporter -->
<testsuite hostname="DESKTOP-SR5ISP2" failures="0" tests="1" name="com.APIscripts.company.CreateCompany" time="3.839" errors="0" timestamp="2023-12-23T07:23:48 IST" skipped="0">
  <testcase classname="com.APIscripts.company.CreateCompany" name="createCompany" time="3.839"/>
  <system-out/>
</testsuite> <!-- com.APIscripts.company.CreateCompany -->
