<?xml version="1.0" encoding="UTF-8"?>
<!-- Generated by org.testng.reporters.JUnitReportReporter -->
<testsuite hostname="DESKTOP-SR5ISP2" failures="0" tests="1" name="com.APIscripts.Employee.EmployeeSearch" time="0.680" errors="0" timestamp="2023-12-21T22:59:48 IST" skipped="0">
  <testcase classname="com.APIscripts.Employee.EmployeeSearch" name="teamsearch" time="0.680"/>
  <system-out/>
</testsuite> <!-- com.APIscripts.Employee.EmployeeSearch -->
