<?xml version="1.0" encoding="UTF-8"?>
<!-- Generated by org.testng.reporters.JUnitReportReporter -->
<testsuite hostname="DESKTOP-SR5ISP2" failures="0" tests="1" name="com.APIscripts.Employee.UpdateProfile" time="1.912" errors="0" timestamp="2023-12-21T22:59:48 IST" skipped="0">
  <testcase classname="com.APIscripts.Employee.UpdateProfile" name="UpdateUserProfile" time="1.912"/>
  <system-out/>
</testsuite> <!-- com.APIscripts.Employee.UpdateProfile -->
