<?xml version="1.0" encoding="UTF-8"?>
<!-- Generated by org.testng.reporters.JUnitReportReporter -->
<testsuite hostname="DESKTOP-SR5ISP2" failures="0" tests="1" name="com.APIscripts.Teams.UpdateTeam" time="0.614" errors="0" timestamp="2023-12-21T10:40:02 IST" skipped="0">
  <testcase classname="com.APIscripts.Teams.UpdateTeam" name="getTeams" time="0.614"/>
  <system-out/>
</testsuite> <!-- com.APIscripts.Teams.UpdateTeam -->
