<?xml version="1.0" encoding="UTF-8"?>
<!-- Generated by org.testng.reporters.JUnitReportReporter -->
<testsuite hostname="DESKTOP-SR5ISP2" failures="0" tests="4" name="api.test.TeamTest" time="2.783" errors="0" timestamp="2023-12-27T17:02:15 IST" skipped="0">
  <testcase classname="api.test.TeamTest" name="TestCreateTeam" time="0.742"/>
  <system-out>
    <![CDATA[team created successfully]]>
  </system-out>
  <testcase classname="api.test.TeamTest" name="TestTeamDetails" time="0.676"/>
  <system-out>
    <![CDATA[team datails.......]]>
  </system-out>
  <testcase classname="api.test.TeamTest" name="TestTeamUpdate" time="0.715"/>
  <system-out>
    <![CDATA[team updated successfully]]>
  </system-out>
  <testcase classname="api.test.TeamTest" name="TestTeamDelete" time="0.650"/>
  <system-out>
    <![CDATA[team deleted successfully]]>
  </system-out>
</testsuite> <!-- api.test.TeamTest -->
