<?xml version="1.0" encoding="UTF-8"?>
<!-- Generated by org.testng.reporters.JUnitReportReporter -->
<testsuite hostname="DESKTOP-SR5ISP2" failures="0" tests="1" name="com.APIscripts.Employee.EditEmployee" time="0.642" errors="0" timestamp="2023-12-21T22:59:48 IST" skipped="0">
  <testcase classname="com.APIscripts.Employee.EditEmployee" name="editEmp" time="0.642"/>
  <system-out/>
</testsuite> <!-- com.APIscripts.Employee.EditEmployee -->
