<?xml version="1.0" encoding="UTF-8"?>
<!-- Generated by org.testng.reporters.JUnitReportReporter -->
<testsuite hostname="DESKTOP-SR5ISP2" failures="0" tests="1" name="api.test.LoginTest" time="2.813" errors="0" timestamp="2023-12-26T10:49:27 IST" skipped="0">
  <testcase classname="api.test.LoginTest" name="testLogin" time="2.813"/>
  <system-out>
    <![CDATA[Added employee successfully
employee details....
update employee successfully
delete employee successfully]]>
  </system-out>
</testsuite> <!-- api.test.LoginTest -->
