<?xml version="1.0" encoding="UTF-8"?>
<!-- Generated by org.testng.reporters.JUnitReportReporter -->
<testsuite hostname="DESKTOP-SR5ISP2" failures="0" tests="4" name="api.test.EmployeeTest" time="3.521" errors="0" timestamp="2023-12-26T10:49:27 IST" skipped="0">
  <testcase classname="api.test.EmployeeTest" name="testAddEmployee" time="1.824">
    <system-out>
      <![CDATA[Added employee successfully]]>
    </system-out>
  </testcase> <!-- testAddEmployee -->
  <testcase classname="api.test.EmployeeTest" name="testEmployeeDetails" time="0.517">
    <system-out>
      <![CDATA[employee details....]]>
    </system-out>
  </testcase> <!-- testEmployeeDetails -->
  <testcase classname="api.test.EmployeeTest" name="TestUpdateEmployee" time="0.646">
    <system-out>
      <![CDATA[update employee successfully]]>
    </system-out>
  </testcase> <!-- TestUpdateEmployee -->
  <testcase classname="api.test.EmployeeTest" name="TestDeleteEmployee" time="0.534">
    <system-out>
      <![CDATA[delete employee successfully]]>
    </system-out>
  </testcase> <!-- TestDeleteEmployee -->
  <system-out>
    <![CDATA[Added employee successfully
employee details....
update employee successfully
delete employee successfully]]>
  </system-out>
</testsuite> <!-- api.test.EmployeeTest -->
